<?xml version="1.0" encoding="UTF-8"?>
<!-- Generated by org.testng.reporters.JUnitReportReporter -->
<testsuite hostname="BINTERNS-QA35L" failures="0" tests="24" name="Testmethod.Apple_footer" time="146.559" errors="0" timestamp="2023-05-02T10:56:30 IST" skipped="1">
  <testcase classname="Testmethod.Apple_footer" name="footer" time="0.070"/>
  <system-out/>
  <testcase classname="Testmethod.Apple_footer" name="Shop1" time="10.015"/>
  <system-out/>
  <testcase classname="Testmethod.Apple_footer" name="Mac1" time="9.180"/>
  <system-out/>
  <testcase classname="Testmethod.Apple_footer" name="Ipad1" time="19.615"/>
  <system-out/>
  <testcase classname="Testmethod.Apple_footer" name="Iphone1" time="15.401"/>
  <system-out/>
  <testcase classname="Testmethod.Apple_footer" name="Watch1" time="8.852"/>
  <system-out/>
  <testcase classname="Testmethod.Apple_footer" name="Tv1" time="7.647"/>
  <system-out/>
  <testcase classname="Testmethod.Apple_footer" name="Airtag1" time="4.164"/>
  <system-out/>
  <testcase classname="Testmethod.Apple_footer" name="Accessories1" time="21.501"/>
  <system-out/>
  <testcase classname="Testmethod.Apple_footer" name="Gift1" time="9.044"/>
  <system-out/>
  <testcase classname="Testmethod.Apple_footer" name="Apple_wallet" time="0.087"/>
  <system-out/>
  <testcase classname="Testmethod.Apple_footer" name="Wallet" time="3.274"/>
  <system-out/>
  <testcase classname="Testmethod.Apple_footer" name="Account" time="0.117"/>
  <system-out/>
  <testcase classname="Testmethod.Apple_footer" name="Manage_id" time="4.175"/>
  <system-out/>
  <testcase classname="Testmethod.Apple_footer" name="Apple_store" time="12.426"/>
  <system-out/>
  <testcase classname="Testmethod.Apple_footer" name="Icloud" time="3.179"/>
  <system-out/>
  <testcase classname="Testmethod.Apple_footer" name="Entertain" time="0.075"/>
  <system-out/>
  <testcase classname="Testmethod.Apple_footer" name="Apple_one" time="1.657"/>
  <system-out/>
  <testcase classname="Testmethod.Apple_footer" name="Apple_tv" time="2.279"/>
  <system-out/>
  <testcase classname="Testmethod.Apple_footer" name="Apple_music" time="2.706"/>
  <system-out/>
  <testcase classname="Testmethod.Apple_footer" name="Apple_arcade" time="5.312"/>
  <system-out/>
  <testcase classname="Testmethod.Apple_footer" name="Apple_podcasts" time="2.411"/>
  <system-out/>
  <testcase classname="Testmethod.Apple_footer" name="Applestore" time="3.372"/>
  <system-out/>
  <testcase classname="Testmethod.Apple_footer" name="Airpods1">
    <skipped/>
  </testcase> <!-- Airpods1 -->
  <system-out/>
</testsuite> <!-- Testmethod.Apple_footer -->
