<?xml version="1.0" encoding="UTF-8"?>
<!-- Generated by org.testng.reporters.JUnitReportReporter -->
<testsuite hostname="BINTERNS-QA35L" failures="0" tests="18" name="Testmethod.PharmEasy_Cartpage" time="28.415" errors="0" timestamp="2023-05-05T10:57:41 IST" skipped="0">
  <testcase classname="Testmethod.PharmEasy_Cartpage" name="Search_button" time="0.671"/>
  <system-out/>
  <testcase classname="Testmethod.PharmEasy_Cartpage" name="Search_medicine" time="3.689"/>
  <system-out/>
  <testcase classname="Testmethod.PharmEasy_Cartpage" name="Crocine" time="6.399"/>
  <system-out/>
  <testcase classname="Testmethod.PharmEasy_Cartpage" name="Add_crocine" time="2.127"/>
  <system-out/>
  <testcase classname="Testmethod.PharmEasy_Cartpage" name="Quantity_crocine" time="2.118"/>
  <system-out/>
  <testcase classname="Testmethod.PharmEasy_Cartpage" name="Description" time="2.073"/>
  <system-out/>
  <testcase classname="Testmethod.PharmEasy_Cartpage" name="Summary_Crocine" time="2.050"/>
  <system-out/>
  <testcase classname="Testmethod.PharmEasy_Cartpage" name="Saridon_product2" time="4.137"/>
  <system-out/>
  <testcase classname="Testmethod.PharmEasy_Cartpage" name="AddSaridon_product2" time="1.110"/>
  <system-out/>
  <testcase classname="Testmethod.PharmEasy_Cartpage" name="QunatitySaridon_product2" time="1.097"/>
  <system-out/>
  <testcase classname="Testmethod.PharmEasy_Cartpage" name="View_Cart" time="1.947"/>
  <system-out/>
  <testcase classname="Testmethod.PharmEasy_Cartpage" name="Details_Crocin" time="0.049"/>
  <system-out/>
  <testcase classname="Testmethod.PharmEasy_Cartpage" name="Details_Saridon" time="0.046"/>
  <system-out/>
  <testcase classname="Testmethod.PharmEasy_Cartpage" name="Cart_Total" time="0.056"/>
  <system-out/>
  <testcase classname="Testmethod.PharmEasy_Cartpage" name="Apply_Coupons" time="0.225"/>
  <system-out/>
  <testcase classname="Testmethod.PharmEasy_Cartpage" name="Apply_Coupons1" time="0.480"/>
  <system-out/>
  <testcase classname="Testmethod.PharmEasy_Cartpage" name="Bill_summary" time="0.050"/>
  <system-out/>
  <testcase classname="Testmethod.PharmEasy_Cartpage" name="Amount_Paid" time="0.091"/>
  <system-out/>
</testsuite> <!-- Testmethod.PharmEasy_Cartpage -->
