<?xml version="1.0" encoding="UTF-8"?>
<!-- Generated by org.testng.reporters.JUnitReportReporter -->
<testsuite hostname="BINTERNS-QA35L" failures="0" tests="10" name="Testmethod.Pharameasy_home" time="25.630" errors="0" timestamp="2023-05-04T10:07:50 IST" skipped="5">
  <testcase classname="Testmethod.Pharameasy_home" name="Logo" time="0.096"/>
  <system-out/>
  <testcase classname="Testmethod.Pharameasy_home" name="Sign_in" time="0.184"/>
  <system-out/>
  <testcase classname="Testmethod.Pharameasy_home" name="Mobile" time="0.151"/>
  <system-out/>
  <testcase classname="Testmethod.Pharameasy_home" name="OTP" time="20.104"/>
  <system-out/>
  <testcase classname="Testmethod.Pharameasy_home" name="Continue" time="5.095"/>
  <system-out/>
  <testcase classname="Testmethod.Pharameasy_home" name="Pin_Enter">
    <skipped/>
  </testcase> <!-- Pin_Enter -->
  <system-out/>
  <testcase classname="Testmethod.Pharameasy_home" name="Check">
    <skipped/>
  </testcase> <!-- Check -->
  <system-out/>
  <testcase classname="Testmethod.Pharameasy_home" name="Delivery">
    <skipped/>
  </testcase> <!-- Delivery -->
  <system-out/>
  <testcase classname="Testmethod.Pharameasy_home" name="User">
    <skipped/>
  </testcase> <!-- User -->
  <system-out/>
  <testcase classname="Testmethod.Pharameasy_home" name="Sign_out">
    <skipped/>
  </testcase> <!-- Sign_out -->
  <system-out/>
</testsuite> <!-- Testmethod.Pharameasy_home -->
