<?xml version="1.0" encoding="UTF-8"?>
<!-- Generated by org.testng.reporters.JUnitReportReporter -->
<testsuite hostname="BINTERNS-QA35L" failures="0" tests="28" name="Testmethod.Apple_method" time="62.264" errors="0" timestamp="2023-05-02T15:53:33 IST" skipped="2">
  <testcase classname="Testmethod.Apple_method" name="Logo" time="0.068"/>
  <system-out/>
  <testcase classname="Testmethod.Apple_method" name="Text" time="0.051"/>
  <system-out/>
  <testcase classname="Testmethod.Apple_method" name="Search" time="0.080"/>
  <system-out/>
  <testcase classname="Testmethod.Apple_method" name="Search_item" time="2.160"/>
  <system-out/>
  <testcase classname="Testmethod.Apple_method" name="Store" time="5.569"/>
  <system-out/>
  <testcase classname="Testmethod.Apple_method" name="Mac" time="1.754"/>
  <system-out/>
  <testcase classname="Testmethod.Apple_method" name="Ipad" time="1.351"/>
  <system-out/>
  <testcase classname="Testmethod.Apple_method" name="Iphone" time="3.116"/>
  <system-out/>
  <testcase classname="Testmethod.Apple_method" name="Watch" time="2.677"/>
  <system-out/>
  <testcase classname="Testmethod.Apple_method" name="Airpods" time="3.075"/>
  <system-out/>
  <testcase classname="Testmethod.Apple_method" name="Tv" time="1.951"/>
  <system-out/>
  <testcase classname="Testmethod.Apple_method" name="Entertainment" time="2.366"/>
  <system-out/>
  <testcase classname="Testmethod.Apple_method" name="Accessories" time="5.429"/>
  <system-out/>
  <testcase classname="Testmethod.Apple_method" name="Support" time="5.192"/>
  <system-out/>
  <testcase classname="Testmethod.Apple_method" name="Back" time="1.471"/>
  <system-out/>
  <testcase classname="Testmethod.Apple_method" name="Heading" time="0.045"/>
  <system-out/>
  <testcase classname="Testmethod.Apple_method" name="Pro_beyond" time="1.800"/>
  <system-out/>
  <testcase classname="Testmethod.Apple_method" name="Image" time="0.194"/>
  <system-out/>
  <testcase classname="Testmethod.Apple_method" name="Banner2" time="2.611"/>
  <system-out/>
  <testcase classname="Testmethod.Apple_method" name="Banner3" time="4.919"/>
  <system-out/>
  <testcase classname="Testmethod.Apple_method" name="Banner4" time="10.782"/>
  <system-out/>
  <testcase classname="Testmethod.Apple_method" name="Banner5" time="1.718"/>
  <system-out/>
  <testcase classname="Testmethod.Apple_method" name="Banner6" time="1.991"/>
  <system-out/>
  <testcase classname="Testmethod.Apple_method" name="Banner7" time="1.615"/>
  <system-out/>
  <testcase classname="Testmethod.Apple_method" name="Scroll1" time="0.194"/>
  <system-out/>
  <testcase classname="Testmethod.Apple_method" name="Footer_text" time="0.085"/>
  <system-out/>
  <testcase classname="Testmethod.Apple_method" name="Scroll">
    <skipped/>
  </testcase> <!-- Scroll -->
  <system-out/>
  <testcase classname="Testmethod.Apple_method" name="Banner8">
    <skipped/>
  </testcase> <!-- Banner8 -->
  <system-out/>
</testsuite> <!-- Testmethod.Apple_method -->
