<?xml version="1.0" encoding="UTF-8"?>
<!-- Generated by org.testng.reporters.JUnitReportReporter -->
<testsuite hostname="BINTERNS-QA35L" failures="0" tests="15" name="Testmethod.Ajio_method" time="126.409" errors="0" timestamp="2023-04-25T10:51:17 IST" skipped="1">
  <testcase classname="Testmethod.Ajio_method" name="Home" time="0.625"/>
  <system-out/>
  <testcase classname="Testmethod.Ajio_method" name="Search" time="4.709"/>
  <system-out/>
  <testcase classname="Testmethod.Ajio_method" name="Men" time="20.730"/>
  <system-out/>
  <testcase classname="Testmethod.Ajio_method" name="Women" time="9.308"/>
  <system-out/>
  <testcase classname="Testmethod.Ajio_method" name="Kids" time="6.579"/>
  <system-out/>
  <testcase classname="Testmethod.Ajio_method" name="Indie" time="17.821"/>
  <system-out/>
  <testcase classname="Testmethod.Ajio_method" name="Kitchen" time="1.103"/>
  <system-out/>
  <testcase classname="Testmethod.Ajio_method" name="Visit_ajio" time="6.650"/>
  <system-out/>
  <testcase classname="Testmethod.Ajio_method" name="Visit_ajio1" time="3.774"/>
  <system-out/>
  <testcase classname="Testmethod.Ajio_method" name="Visit1" time="17.432"/>
  <system-out/>
  <testcase classname="Testmethod.Ajio_method" name="Visit2" time="2.405"/>
  <system-out/>
  <testcase classname="Testmethod.Ajio_method" name="Visit3" time="1.792"/>
  <system-out/>
  <testcase classname="Testmethod.Ajio_method" name="Visit4" time="16.756"/>
  <system-out/>
  <testcase classname="Testmethod.Ajio_method" name="Visit5" time="16.725"/>
  <system-out/>
  <testcase classname="Testmethod.Ajio_method" name="Signin">
    <skipped/>
  </testcase> <!-- Signin -->
  <system-out/>
</testsuite> <!-- Testmethod.Ajio_method -->
