<?xml version="1.0" encoding="UTF-8"?>
<!-- Generated by org.testng.reporters.JUnitReportReporter -->
<testsuite hostname="BINTERNS-QA35L" failures="0" tests="11" name="Testmethod.Apple_sigin" time="20.711" errors="0" timestamp="2023-04-27T18:19:17 IST" skipped="6">
  <testcase classname="Testmethod.Apple_sigin" name="Move_bag" time="0.071"/>
  <system-out/>
  <testcase classname="Testmethod.Apple_sigin" name="Sign" time="6.077"/>
  <system-out/>
  <testcase classname="Testmethod.Apple_sigin" name="Create" time="2.279"/>
  <system-out/>
  <testcase classname="Testmethod.Apple_sigin" name="Firstname" time="12.248"/>
  <system-out/>
  <testcase classname="Testmethod.Apple_sigin" name="display" time="0.036"/>
  <system-out/>
  <testcase classname="Testmethod.Apple_sigin" name="Date_birth">
    <skipped/>
  </testcase> <!-- Date_birth -->
  <system-out/>
  <testcase classname="Testmethod.Apple_sigin" name="Lastname">
    <skipped/>
  </testcase> <!-- Lastname -->
  <system-out/>
  <testcase classname="Testmethod.Apple_sigin" name="Email">
    <skipped/>
  </testcase> <!-- Email -->
  <system-out/>
  <testcase classname="Testmethod.Apple_sigin" name="Confirm_pass">
    <skipped/>
  </testcase> <!-- Confirm_pass -->
  <system-out/>
  <testcase classname="Testmethod.Apple_sigin" name="Phone">
    <skipped/>
  </testcase> <!-- Phone -->
  <system-out/>
  <testcase classname="Testmethod.Apple_sigin" name="Password">
    <skipped/>
  </testcase> <!-- Password -->
  <system-out/>
</testsuite> <!-- Testmethod.Apple_sigin -->
