<?xml version="1.0" encoding="UTF-8"?>
<!-- Generated by org.testng.reporters.JUnitReportReporter -->
<testsuite hostname="BINTERNS-QA35L" failures="0" tests="18" name="Testmethod.AppleMac_module" time="21.292" errors="0" timestamp="2023-05-02T12:03:24 IST" skipped="1">
  <testcase classname="Testmethod.AppleMac_module" name="Mac" time="2.519"/>
  <system-out/>
  <testcase classname="Testmethod.AppleMac_module" name="MacPro" time="1.215"/>
  <system-out/>
  <testcase classname="Testmethod.AppleMac_module" name="Mac_pro" time="1.400"/>
  <system-out/>
  <testcase classname="Testmethod.AppleMac_module" name="Heading_pro" time="0.030"/>
  <system-out/>
  <testcase classname="Testmethod.AppleMac_module" name="Movemaker_text" time="0.029"/>
  <system-out/>
  <testcase classname="Testmethod.AppleMac_module" name="Watch_announcemnet" time="5.126"/>
  <system-out/>
  <testcase classname="Testmethod.AppleMac_module" name="Pause" time="2.049"/>
  <system-out/>
  <testcase classname="Testmethod.AppleMac_module" name="Sub_title" time="0.053"/>
  <system-out/>
  <testcase classname="Testmethod.AppleMac_module" name="Sub_titlel" time="0.048"/>
  <system-out/>
  <testcase classname="Testmethod.AppleMac_module" name="Slider" time="2.027"/>
  <system-out/>
  <testcase classname="Testmethod.AppleMac_module" name="FullScreen" time="1.065"/>
  <system-out/>
  <testcase classname="Testmethod.AppleMac_module" name="ExitScreen" time="1.056"/>
  <system-out/>
  <testcase classname="Testmethod.AppleMac_module" name="Mac_14" time="3.471"/>
  <system-out/>
  <testcase classname="Testmethod.AppleMac_module" name="Go_insideM2pro" time="1.094"/>
  <system-out/>
  <testcase classname="Testmethod.AppleMac_module" name="New_chips" time="0.039"/>
  <system-out/>
  <testcase classname="Testmethod.AppleMac_module" name="Better_better" time="0.030"/>
  <system-out/>
  <testcase classname="Testmethod.AppleMac_module" name="Keeps_going" time="0.041"/>
  <system-out/>
  <testcase classname="Testmethod.AppleMac_module" name="Volume">
    <skipped/>
  </testcase> <!-- Volume -->
  <system-out/>
</testsuite> <!-- Testmethod.AppleMac_module -->
